
*** Running vivado
    with args -log top_ecc.vds -m64 -product Vivado -mode batch -messageDb vivado.pb -notrace -source top_ecc.tcl



****** Vivado v2022.1 (64-bit)
  **** SW Build 3526262 on Mon Apr 18 15:48:16 MDT 2022
  **** IP Build 3524634 on Mon Apr 18 20:55:01 MDT 2022
    ** Copyright 1986-2022 Xilinx, Inc. All Rights Reserved.

source top_ecc.tcl -notrace
create_project: Time (s): cpu = 00:00:05 ; elapsed = 00:00:06 . Memory (MB): peak = 1284.156 ; gain = 0.000
Command: read_checkpoint -auto_incremental -incremental E:/Capstone/Lightweight-Cipher-For-Hardware-Security-/ECC/ECC.srcs/utils_1/imports/synth_1/top_ecc.dcp
INFO: [Vivado 12-5825] Read reference checkpoint from E:/Capstone/Lightweight-Cipher-For-Hardware-Security-/ECC/ECC.srcs/utils_1/imports/synth_1/top_ecc.dcp for incremental synthesis
INFO: [Vivado 12-7989] Please ensure there are no constraint changes
Command: synth_design -top top_ecc -part xc7a35tcpg236-1
Starting synth_design
Attempting to get a license for feature 'Synthesis' and/or device 'xc7a35t'
INFO: [Common 17-349] Got license for feature 'Synthesis' and/or device 'xc7a35t'
INFO: [Designutils 20-5440] No compile time benefit to using incremental synthesis; A full resynthesis will be run
INFO: [Designutils 20-4379] Flow is switching to default flow due to incremental criteria not met. If you would like to alter this behaviour and have the flow terminate instead, please set the following parameter config_implementation {autoIncr.Synth.RejectBehavior Terminate}
INFO: [Synth 8-7079] Multithreading enabled for synth_design using a maximum of 2 processes.
INFO: [Synth 8-7078] Launching helper process for spawning children vivado processes
INFO: [Synth 8-7075] Helper process launched with PID 12032
CRITICAL WARNING: [Synth 8-9339] data object 'data_in' is already declared [E:/Capstone/Lightweight-Cipher-For-Hardware-Security-/ECC/ECC.srcs/sources_1/new/ECC-Encryption-System-master/top_ecc.v:21]
INFO: [Synth 8-6826] previous declaration of 'data_in' is from here [E:/Capstone/Lightweight-Cipher-For-Hardware-Security-/ECC/ECC.srcs/sources_1/new/ECC-Encryption-System-master/top_ecc.v:5]
CRITICAL WARNING: [Synth 8-10006] second declaration of 'data_in' ignored [E:/Capstone/Lightweight-Cipher-For-Hardware-Security-/ECC/ECC.srcs/sources_1/new/ECC-Encryption-System-master/top_ecc.v:21]
---------------------------------------------------------------------------------
Starting Synthesize : Time (s): cpu = 00:00:05 ; elapsed = 00:00:06 . Memory (MB): peak = 1284.156 ; gain = 0.000
---------------------------------------------------------------------------------
INFO: [Synth 8-6157] synthesizing module 'top_ecc' [E:/Capstone/Lightweight-Cipher-For-Hardware-Security-/ECC/ECC.srcs/sources_1/new/ECC-Encryption-System-master/top_ecc.v:1]
INFO: [Synth 8-6157] synthesizing module 'control' [E:/Capstone/Lightweight-Cipher-For-Hardware-Security-/ECC/ECC.srcs/sources_1/new/ECC-Encryption-System-master/control.v:1]
INFO: [Synth 8-6157] synthesizing module 'encrypt_x' [E:/Capstone/Lightweight-Cipher-For-Hardware-Security-/ECC/ECC.srcs/sources_1/new/ECC-Encryption-System-master/encrypt_x.v:1]
INFO: [Synth 8-6155] done synthesizing module 'encrypt_x' (0#1) [E:/Capstone/Lightweight-Cipher-For-Hardware-Security-/ECC/ECC.srcs/sources_1/new/ECC-Encryption-System-master/encrypt_x.v:1]
INFO: [Synth 8-6157] synthesizing module 'encrypt_y' [E:/Capstone/Lightweight-Cipher-For-Hardware-Security-/ECC/ECC.srcs/sources_1/new/ECC-Encryption-System-master/encrypt_y.v:1]
INFO: [Synth 8-6155] done synthesizing module 'encrypt_y' (0#1) [E:/Capstone/Lightweight-Cipher-For-Hardware-Security-/ECC/ECC.srcs/sources_1/new/ECC-Encryption-System-master/encrypt_y.v:1]
INFO: [Synth 8-6157] synthesizing module 'decrypt' [E:/Capstone/Lightweight-Cipher-For-Hardware-Security-/ECC/ECC.srcs/sources_1/new/ECC-Encryption-System-master/decrypt.v:1]
INFO: [Synth 8-6155] done synthesizing module 'decrypt' (0#1) [E:/Capstone/Lightweight-Cipher-For-Hardware-Security-/ECC/ECC.srcs/sources_1/new/ECC-Encryption-System-master/decrypt.v:1]
INFO: [Synth 8-6155] done synthesizing module 'control' (0#1) [E:/Capstone/Lightweight-Cipher-For-Hardware-Security-/ECC/ECC.srcs/sources_1/new/ECC-Encryption-System-master/control.v:1]
INFO: [Synth 8-6157] synthesizing module 'ecc' [E:/Capstone/Lightweight-Cipher-For-Hardware-Security-/ECC/ECC.srcs/sources_1/new/ECC-Encryption-System-master/ecc.v:1]
INFO: [Synth 8-6157] synthesizing module 'multiplier' [E:/Capstone/Lightweight-Cipher-For-Hardware-Security-/ECC/ECC.srcs/sources_1/new/ECC-Encryption-System-master/multiplier.v:1]
INFO: [Synth 8-6157] synthesizing module 'mul_stage1' [E:/Capstone/Lightweight-Cipher-For-Hardware-Security-/ECC/ECC.srcs/sources_1/new/ECC-Encryption-System-master/mul_stage1.v:1]
INFO: [Synth 8-6155] done synthesizing module 'mul_stage1' (0#1) [E:/Capstone/Lightweight-Cipher-For-Hardware-Security-/ECC/ECC.srcs/sources_1/new/ECC-Encryption-System-master/mul_stage1.v:1]
INFO: [Synth 8-6157] synthesizing module 'mul_stage2' [E:/Capstone/Lightweight-Cipher-For-Hardware-Security-/ECC/ECC.srcs/sources_1/new/ECC-Encryption-System-master/mul_stage2.v:1]
INFO: [Synth 8-6155] done synthesizing module 'mul_stage2' (0#1) [E:/Capstone/Lightweight-Cipher-For-Hardware-Security-/ECC/ECC.srcs/sources_1/new/ECC-Encryption-System-master/mul_stage2.v:1]
INFO: [Synth 8-6155] done synthesizing module 'multiplier' (0#1) [E:/Capstone/Lightweight-Cipher-For-Hardware-Security-/ECC/ECC.srcs/sources_1/new/ECC-Encryption-System-master/multiplier.v:1]
INFO: [Synth 8-6157] synthesizing module 'divider' [E:/Capstone/Lightweight-Cipher-For-Hardware-Security-/ECC/ECC.srcs/sources_1/new/ECC-Encryption-System-master/divider.v:1]
INFO: [Synth 8-6157] synthesizing module 'div_stage1' [E:/Capstone/Lightweight-Cipher-For-Hardware-Security-/ECC/ECC.srcs/sources_1/new/ECC-Encryption-System-master/div_stage1.v:1]
INFO: [Synth 8-6155] done synthesizing module 'div_stage1' (0#1) [E:/Capstone/Lightweight-Cipher-For-Hardware-Security-/ECC/ECC.srcs/sources_1/new/ECC-Encryption-System-master/div_stage1.v:1]
INFO: [Synth 8-6157] synthesizing module 'div_stage2' [E:/Capstone/Lightweight-Cipher-For-Hardware-Security-/ECC/ECC.srcs/sources_1/new/ECC-Encryption-System-master/div_stage2.v:1]
INFO: [Synth 8-6155] done synthesizing module 'div_stage2' (0#1) [E:/Capstone/Lightweight-Cipher-For-Hardware-Security-/ECC/ECC.srcs/sources_1/new/ECC-Encryption-System-master/div_stage2.v:1]
INFO: [Synth 8-6155] done synthesizing module 'divider' (0#1) [E:/Capstone/Lightweight-Cipher-For-Hardware-Security-/ECC/ECC.srcs/sources_1/new/ECC-Encryption-System-master/divider.v:1]
INFO: [Synth 8-6157] synthesizing module 'square' [E:/Capstone/Lightweight-Cipher-For-Hardware-Security-/ECC/ECC.srcs/sources_1/new/ECC-Encryption-System-master/square.v:1]
INFO: [Synth 8-6155] done synthesizing module 'square' (0#1) [E:/Capstone/Lightweight-Cipher-For-Hardware-Security-/ECC/ECC.srcs/sources_1/new/ECC-Encryption-System-master/square.v:1]
INFO: [Synth 8-6157] synthesizing module 'combinational' [E:/Capstone/Lightweight-Cipher-For-Hardware-Security-/ECC/ECC.srcs/sources_1/new/ECC-Encryption-System-master/combinational.v:1]
INFO: [Synth 8-6155] done synthesizing module 'combinational' (0#1) [E:/Capstone/Lightweight-Cipher-For-Hardware-Security-/ECC/ECC.srcs/sources_1/new/ECC-Encryption-System-master/combinational.v:1]
INFO: [Synth 8-6155] done synthesizing module 'ecc' (0#1) [E:/Capstone/Lightweight-Cipher-For-Hardware-Security-/ECC/ECC.srcs/sources_1/new/ECC-Encryption-System-master/ecc.v:1]
INFO: [Synth 8-6155] done synthesizing module 'top_ecc' (0#1) [E:/Capstone/Lightweight-Cipher-For-Hardware-Security-/ECC/ECC.srcs/sources_1/new/ECC-Encryption-System-master/top_ecc.v:1]
WARNING: [Synth 8-3848] Net mem[0] in module/entity encrypt_x does not have driver. [E:/Capstone/Lightweight-Cipher-For-Hardware-Security-/ECC/ECC.srcs/sources_1/new/ECC-Encryption-System-master/encrypt_x.v:14]
WARNING: [Synth 8-3848] Net mem[1] in module/entity encrypt_x does not have driver. [E:/Capstone/Lightweight-Cipher-For-Hardware-Security-/ECC/ECC.srcs/sources_1/new/ECC-Encryption-System-master/encrypt_x.v:14]
WARNING: [Synth 8-3848] Net mem[2] in module/entity encrypt_x does not have driver. [E:/Capstone/Lightweight-Cipher-For-Hardware-Security-/ECC/ECC.srcs/sources_1/new/ECC-Encryption-System-master/encrypt_x.v:14]
WARNING: [Synth 8-3848] Net mem[5] in module/entity encrypt_x does not have driver. [E:/Capstone/Lightweight-Cipher-For-Hardware-Security-/ECC/ECC.srcs/sources_1/new/ECC-Encryption-System-master/encrypt_x.v:14]
WARNING: [Synth 8-3848] Net mem[8] in module/entity encrypt_x does not have driver. [E:/Capstone/Lightweight-Cipher-For-Hardware-Security-/ECC/ECC.srcs/sources_1/new/ECC-Encryption-System-master/encrypt_x.v:14]
WARNING: [Synth 8-3848] Net mem[9] in module/entity encrypt_x does not have driver. [E:/Capstone/Lightweight-Cipher-For-Hardware-Security-/ECC/ECC.srcs/sources_1/new/ECC-Encryption-System-master/encrypt_x.v:14]
WARNING: [Synth 8-3848] Net mem[13] in module/entity encrypt_x does not have driver. [E:/Capstone/Lightweight-Cipher-For-Hardware-Security-/ECC/ECC.srcs/sources_1/new/ECC-Encryption-System-master/encrypt_x.v:14]
WARNING: [Synth 8-3848] Net mem[17] in module/entity encrypt_x does not have driver. [E:/Capstone/Lightweight-Cipher-For-Hardware-Security-/ECC/ECC.srcs/sources_1/new/ECC-Encryption-System-master/encrypt_x.v:14]
WARNING: [Synth 8-3848] Net mem[20] in module/entity encrypt_x does not have driver. [E:/Capstone/Lightweight-Cipher-For-Hardware-Security-/ECC/ECC.srcs/sources_1/new/ECC-Encryption-System-master/encrypt_x.v:14]
WARNING: [Synth 8-3848] Net mem[24] in module/entity encrypt_x does not have driver. [E:/Capstone/Lightweight-Cipher-For-Hardware-Security-/ECC/ECC.srcs/sources_1/new/ECC-Encryption-System-master/encrypt_x.v:14]
WARNING: [Synth 8-3848] Net mem[25] in module/entity encrypt_x does not have driver. [E:/Capstone/Lightweight-Cipher-For-Hardware-Security-/ECC/ECC.srcs/sources_1/new/ECC-Encryption-System-master/encrypt_x.v:14]
WARNING: [Synth 8-3848] Net mem[28] in module/entity encrypt_x does not have driver. [E:/Capstone/Lightweight-Cipher-For-Hardware-Security-/ECC/ECC.srcs/sources_1/new/ECC-Encryption-System-master/encrypt_x.v:14]
WARNING: [Synth 8-3848] Net mem[31] in module/entity encrypt_x does not have driver. [E:/Capstone/Lightweight-Cipher-For-Hardware-Security-/ECC/ECC.srcs/sources_1/new/ECC-Encryption-System-master/encrypt_x.v:14]
WARNING: [Synth 8-3848] Net mem[32] in module/entity encrypt_x does not have driver. [E:/Capstone/Lightweight-Cipher-For-Hardware-Security-/ECC/ECC.srcs/sources_1/new/ECC-Encryption-System-master/encrypt_x.v:14]
WARNING: [Synth 8-3848] Net mem[36] in module/entity encrypt_x does not have driver. [E:/Capstone/Lightweight-Cipher-For-Hardware-Security-/ECC/ECC.srcs/sources_1/new/ECC-Encryption-System-master/encrypt_x.v:14]
WARNING: [Synth 8-3848] Net mem[40] in module/entity encrypt_x does not have driver. [E:/Capstone/Lightweight-Cipher-For-Hardware-Security-/ECC/ECC.srcs/sources_1/new/ECC-Encryption-System-master/encrypt_x.v:14]
WARNING: [Synth 8-3848] Net mem[43] in module/entity encrypt_x does not have driver. [E:/Capstone/Lightweight-Cipher-For-Hardware-Security-/ECC/ECC.srcs/sources_1/new/ECC-Encryption-System-master/encrypt_x.v:14]
WARNING: [Synth 8-3848] Net mem[47] in module/entity encrypt_x does not have driver. [E:/Capstone/Lightweight-Cipher-For-Hardware-Security-/ECC/ECC.srcs/sources_1/new/ECC-Encryption-System-master/encrypt_x.v:14]
WARNING: [Synth 8-3848] Net mem[48] in module/entity encrypt_x does not have driver. [E:/Capstone/Lightweight-Cipher-For-Hardware-Security-/ECC/ECC.srcs/sources_1/new/ECC-Encryption-System-master/encrypt_x.v:14]
WARNING: [Synth 8-3848] Net mem[51] in module/entity encrypt_x does not have driver. [E:/Capstone/Lightweight-Cipher-For-Hardware-Security-/ECC/ECC.srcs/sources_1/new/ECC-Encryption-System-master/encrypt_x.v:14]
WARNING: [Synth 8-3848] Net mem[54] in module/entity encrypt_x does not have driver. [E:/Capstone/Lightweight-Cipher-For-Hardware-Security-/ECC/ECC.srcs/sources_1/new/ECC-Encryption-System-master/encrypt_x.v:14]
WARNING: [Synth 8-3848] Net mem[55] in module/entity encrypt_x does not have driver. [E:/Capstone/Lightweight-Cipher-For-Hardware-Security-/ECC/ECC.srcs/sources_1/new/ECC-Encryption-System-master/encrypt_x.v:14]
WARNING: [Synth 8-3848] Net mem[59] in module/entity encrypt_x does not have driver. [E:/Capstone/Lightweight-Cipher-For-Hardware-Security-/ECC/ECC.srcs/sources_1/new/ECC-Encryption-System-master/encrypt_x.v:14]
WARNING: [Synth 8-3848] Net mem[63] in module/entity encrypt_x does not have driver. [E:/Capstone/Lightweight-Cipher-For-Hardware-Security-/ECC/ECC.srcs/sources_1/new/ECC-Encryption-System-master/encrypt_x.v:14]
WARNING: [Synth 8-3848] Net mem[66] in module/entity encrypt_x does not have driver. [E:/Capstone/Lightweight-Cipher-For-Hardware-Security-/ECC/ECC.srcs/sources_1/new/ECC-Encryption-System-master/encrypt_x.v:14]
WARNING: [Synth 8-3848] Net mem[70] in module/entity encrypt_x does not have driver. [E:/Capstone/Lightweight-Cipher-For-Hardware-Security-/ECC/ECC.srcs/sources_1/new/ECC-Encryption-System-master/encrypt_x.v:14]
WARNING: [Synth 8-3848] Net mem[71] in module/entity encrypt_x does not have driver. [E:/Capstone/Lightweight-Cipher-For-Hardware-Security-/ECC/ECC.srcs/sources_1/new/ECC-Encryption-System-master/encrypt_x.v:14]
WARNING: [Synth 8-3848] Net mem[74] in module/entity encrypt_x does not have driver. [E:/Capstone/Lightweight-Cipher-For-Hardware-Security-/ECC/ECC.srcs/sources_1/new/ECC-Encryption-System-master/encrypt_x.v:14]
WARNING: [Synth 8-3848] Net mem[77] in module/entity encrypt_x does not have driver. [E:/Capstone/Lightweight-Cipher-For-Hardware-Security-/ECC/ECC.srcs/sources_1/new/ECC-Encryption-System-master/encrypt_x.v:14]
WARNING: [Synth 8-3848] Net mem[78] in module/entity encrypt_x does not have driver. [E:/Capstone/Lightweight-Cipher-For-Hardware-Security-/ECC/ECC.srcs/sources_1/new/ECC-Encryption-System-master/encrypt_x.v:14]
WARNING: [Synth 8-3848] Net mem[82] in module/entity encrypt_x does not have driver. [E:/Capstone/Lightweight-Cipher-For-Hardware-Security-/ECC/ECC.srcs/sources_1/new/ECC-Encryption-System-master/encrypt_x.v:14]
WARNING: [Synth 8-3848] Net mem[86] in module/entity encrypt_x does not have driver. [E:/Capstone/Lightweight-Cipher-For-Hardware-Security-/ECC/ECC.srcs/sources_1/new/ECC-Encryption-System-master/encrypt_x.v:14]
WARNING: [Synth 8-3848] Net mem[89] in module/entity encrypt_x does not have driver. [E:/Capstone/Lightweight-Cipher-For-Hardware-Security-/ECC/ECC.srcs/sources_1/new/ECC-Encryption-System-master/encrypt_x.v:14]
WARNING: [Synth 8-3848] Net mem[93] in module/entity encrypt_x does not have driver. [E:/Capstone/Lightweight-Cipher-For-Hardware-Security-/ECC/ECC.srcs/sources_1/new/ECC-Encryption-System-master/encrypt_x.v:14]
WARNING: [Synth 8-3848] Net mem[94] in module/entity encrypt_x does not have driver. [E:/Capstone/Lightweight-Cipher-For-Hardware-Security-/ECC/ECC.srcs/sources_1/new/ECC-Encryption-System-master/encrypt_x.v:14]
WARNING: [Synth 8-3848] Net mem[97] in module/entity encrypt_x does not have driver. [E:/Capstone/Lightweight-Cipher-For-Hardware-Security-/ECC/ECC.srcs/sources_1/new/ECC-Encryption-System-master/encrypt_x.v:14]
WARNING: [Synth 8-3848] Net mem[100] in module/entity encrypt_x does not have driver. [E:/Capstone/Lightweight-Cipher-For-Hardware-Security-/ECC/ECC.srcs/sources_1/new/ECC-Encryption-System-master/encrypt_x.v:14]
WARNING: [Synth 8-3848] Net mem[101] in module/entity encrypt_x does not have driver. [E:/Capstone/Lightweight-Cipher-For-Hardware-Security-/ECC/ECC.srcs/sources_1/new/ECC-Encryption-System-master/encrypt_x.v:14]
WARNING: [Synth 8-3848] Net mem[105] in module/entity encrypt_x does not have driver. [E:/Capstone/Lightweight-Cipher-For-Hardware-Security-/ECC/ECC.srcs/sources_1/new/ECC-Encryption-System-master/encrypt_x.v:14]
WARNING: [Synth 8-3848] Net mem[109] in module/entity encrypt_x does not have driver. [E:/Capstone/Lightweight-Cipher-For-Hardware-Security-/ECC/ECC.srcs/sources_1/new/ECC-Encryption-System-master/encrypt_x.v:14]
WARNING: [Synth 8-3848] Net mem[112] in module/entity encrypt_x does not have driver. [E:/Capstone/Lightweight-Cipher-For-Hardware-Security-/ECC/ECC.srcs/sources_1/new/ECC-Encryption-System-master/encrypt_x.v:14]
WARNING: [Synth 8-3848] Net mem[116] in module/entity encrypt_x does not have driver. [E:/Capstone/Lightweight-Cipher-For-Hardware-Security-/ECC/ECC.srcs/sources_1/new/ECC-Encryption-System-master/encrypt_x.v:14]
WARNING: [Synth 8-3848] Net mem[117] in module/entity encrypt_x does not have driver. [E:/Capstone/Lightweight-Cipher-For-Hardware-Security-/ECC/ECC.srcs/sources_1/new/ECC-Encryption-System-master/encrypt_x.v:14]
WARNING: [Synth 8-3848] Net mem[120] in module/entity encrypt_x does not have driver. [E:/Capstone/Lightweight-Cipher-For-Hardware-Security-/ECC/ECC.srcs/sources_1/new/ECC-Encryption-System-master/encrypt_x.v:14]
WARNING: [Synth 8-3848] Net mem[123] in module/entity encrypt_x does not have driver. [E:/Capstone/Lightweight-Cipher-For-Hardware-Security-/ECC/ECC.srcs/sources_1/new/ECC-Encryption-System-master/encrypt_x.v:14]
WARNING: [Synth 8-3848] Net mem[124] in module/entity encrypt_x does not have driver. [E:/Capstone/Lightweight-Cipher-For-Hardware-Security-/ECC/ECC.srcs/sources_1/new/ECC-Encryption-System-master/encrypt_x.v:14]
WARNING: [Synth 8-3848] Net mem[128] in module/entity encrypt_x does not have driver. [E:/Capstone/Lightweight-Cipher-For-Hardware-Security-/ECC/ECC.srcs/sources_1/new/ECC-Encryption-System-master/encrypt_x.v:14]
WARNING: [Synth 8-3848] Net mem[132] in module/entity encrypt_x does not have driver. [E:/Capstone/Lightweight-Cipher-For-Hardware-Security-/ECC/ECC.srcs/sources_1/new/ECC-Encryption-System-master/encrypt_x.v:14]
WARNING: [Synth 8-3848] Net mem[135] in module/entity encrypt_x does not have driver. [E:/Capstone/Lightweight-Cipher-For-Hardware-Security-/ECC/ECC.srcs/sources_1/new/ECC-Encryption-System-master/encrypt_x.v:14]
WARNING: [Synth 8-3848] Net mem[139] in module/entity encrypt_x does not have driver. [E:/Capstone/Lightweight-Cipher-For-Hardware-Security-/ECC/ECC.srcs/sources_1/new/ECC-Encryption-System-master/encrypt_x.v:14]
WARNING: [Synth 8-3848] Net mem[140] in module/entity encrypt_x does not have driver. [E:/Capstone/Lightweight-Cipher-For-Hardware-Security-/ECC/ECC.srcs/sources_1/new/ECC-Encryption-System-master/encrypt_x.v:14]
WARNING: [Synth 8-3848] Net mem[143] in module/entity encrypt_x does not have driver. [E:/Capstone/Lightweight-Cipher-For-Hardware-Security-/ECC/ECC.srcs/sources_1/new/ECC-Encryption-System-master/encrypt_x.v:14]
WARNING: [Synth 8-3848] Net mem[146] in module/entity encrypt_x does not have driver. [E:/Capstone/Lightweight-Cipher-For-Hardware-Security-/ECC/ECC.srcs/sources_1/new/ECC-Encryption-System-master/encrypt_x.v:14]
WARNING: [Synth 8-3848] Net mem[147] in module/entity encrypt_x does not have driver. [E:/Capstone/Lightweight-Cipher-For-Hardware-Security-/ECC/ECC.srcs/sources_1/new/ECC-Encryption-System-master/encrypt_x.v:14]
WARNING: [Synth 8-3848] Net mem[151] in module/entity encrypt_x does not have driver. [E:/Capstone/Lightweight-Cipher-For-Hardware-Security-/ECC/ECC.srcs/sources_1/new/ECC-Encryption-System-master/encrypt_x.v:14]
WARNING: [Synth 8-3848] Net mem[155] in module/entity encrypt_x does not have driver. [E:/Capstone/Lightweight-Cipher-For-Hardware-Security-/ECC/ECC.srcs/sources_1/new/ECC-Encryption-System-master/encrypt_x.v:14]
WARNING: [Synth 8-3848] Net mem[158] in module/entity encrypt_x does not have driver. [E:/Capstone/Lightweight-Cipher-For-Hardware-Security-/ECC/ECC.srcs/sources_1/new/ECC-Encryption-System-master/encrypt_x.v:14]
WARNING: [Synth 8-3848] Net mem[162] in module/entity encrypt_x does not have driver. [E:/Capstone/Lightweight-Cipher-For-Hardware-Security-/ECC/ECC.srcs/sources_1/new/ECC-Encryption-System-master/encrypt_x.v:14]
WARNING: [Synth 8-3848] Net mem[163] in module/entity encrypt_x does not have driver. [E:/Capstone/Lightweight-Cipher-For-Hardware-Security-/ECC/ECC.srcs/sources_1/new/ECC-Encryption-System-master/encrypt_x.v:14]
WARNING: [Synth 8-3848] Net mem[166] in module/entity encrypt_x does not have driver. [E:/Capstone/Lightweight-Cipher-For-Hardware-Security-/ECC/ECC.srcs/sources_1/new/ECC-Encryption-System-master/encrypt_x.v:14]
WARNING: [Synth 8-3848] Net mem[169] in module/entity encrypt_x does not have driver. [E:/Capstone/Lightweight-Cipher-For-Hardware-Security-/ECC/ECC.srcs/sources_1/new/ECC-Encryption-System-master/encrypt_x.v:14]
WARNING: [Synth 8-3848] Net mem[170] in module/entity encrypt_x does not have driver. [E:/Capstone/Lightweight-Cipher-For-Hardware-Security-/ECC/ECC.srcs/sources_1/new/ECC-Encryption-System-master/encrypt_x.v:14]
WARNING: [Synth 8-3848] Net mem[174] in module/entity encrypt_x does not have driver. [E:/Capstone/Lightweight-Cipher-For-Hardware-Security-/ECC/ECC.srcs/sources_1/new/ECC-Encryption-System-master/encrypt_x.v:14]
WARNING: [Synth 8-3848] Net mem[178] in module/entity encrypt_x does not have driver. [E:/Capstone/Lightweight-Cipher-For-Hardware-Security-/ECC/ECC.srcs/sources_1/new/ECC-Encryption-System-master/encrypt_x.v:14]
WARNING: [Synth 8-3848] Net mem[181] in module/entity encrypt_x does not have driver. [E:/Capstone/Lightweight-Cipher-For-Hardware-Security-/ECC/ECC.srcs/sources_1/new/ECC-Encryption-System-master/encrypt_x.v:14]
WARNING: [Synth 8-3848] Net mem[185] in module/entity encrypt_x does not have driver. [E:/Capstone/Lightweight-Cipher-For-Hardware-Security-/ECC/ECC.srcs/sources_1/new/ECC-Encryption-System-master/encrypt_x.v:14]
WARNING: [Synth 8-3848] Net mem[186] in module/entity encrypt_x does not have driver. [E:/Capstone/Lightweight-Cipher-For-Hardware-Security-/ECC/ECC.srcs/sources_1/new/ECC-Encryption-System-master/encrypt_x.v:14]
WARNING: [Synth 8-3848] Net mem[189] in module/entity encrypt_x does not have driver. [E:/Capstone/Lightweight-Cipher-For-Hardware-Security-/ECC/ECC.srcs/sources_1/new/ECC-Encryption-System-master/encrypt_x.v:14]
WARNING: [Synth 8-3848] Net mem[192] in module/entity encrypt_x does not have driver. [E:/Capstone/Lightweight-Cipher-For-Hardware-Security-/ECC/ECC.srcs/sources_1/new/ECC-Encryption-System-master/encrypt_x.v:14]
WARNING: [Synth 8-3848] Net mem[193] in module/entity encrypt_x does not have driver. [E:/Capstone/Lightweight-Cipher-For-Hardware-Security-/ECC/ECC.srcs/sources_1/new/ECC-Encryption-System-master/encrypt_x.v:14]
WARNING: [Synth 8-3848] Net mem[197] in module/entity encrypt_x does not have driver. [E:/Capstone/Lightweight-Cipher-For-Hardware-Security-/ECC/ECC.srcs/sources_1/new/ECC-Encryption-System-master/encrypt_x.v:14]
WARNING: [Synth 8-3848] Net mem[201] in module/entity encrypt_x does not have driver. [E:/Capstone/Lightweight-Cipher-For-Hardware-Security-/ECC/ECC.srcs/sources_1/new/ECC-Encryption-System-master/encrypt_x.v:14]
WARNING: [Synth 8-3848] Net mem[204] in module/entity encrypt_x does not have driver. [E:/Capstone/Lightweight-Cipher-For-Hardware-Security-/ECC/ECC.srcs/sources_1/new/ECC-Encryption-System-master/encrypt_x.v:14]
WARNING: [Synth 8-3848] Net mem[208] in module/entity encrypt_x does not have driver. [E:/Capstone/Lightweight-Cipher-For-Hardware-Security-/ECC/ECC.srcs/sources_1/new/ECC-Encryption-System-master/encrypt_x.v:14]
WARNING: [Synth 8-3848] Net mem[209] in module/entity encrypt_x does not have driver. [E:/Capstone/Lightweight-Cipher-For-Hardware-Security-/ECC/ECC.srcs/sources_1/new/ECC-Encryption-System-master/encrypt_x.v:14]
WARNING: [Synth 8-3848] Net mem[212] in module/entity encrypt_x does not have driver. [E:/Capstone/Lightweight-Cipher-For-Hardware-Security-/ECC/ECC.srcs/sources_1/new/ECC-Encryption-System-master/encrypt_x.v:14]
WARNING: [Synth 8-3848] Net mem[215] in module/entity encrypt_x does not have driver. [E:/Capstone/Lightweight-Cipher-For-Hardware-Security-/ECC/ECC.srcs/sources_1/new/ECC-Encryption-System-master/encrypt_x.v:14]
WARNING: [Synth 8-3848] Net mem[216] in module/entity encrypt_x does not have driver. [E:/Capstone/Lightweight-Cipher-For-Hardware-Security-/ECC/ECC.srcs/sources_1/new/ECC-Encryption-System-master/encrypt_x.v:14]
WARNING: [Synth 8-3848] Net mem[220] in module/entity encrypt_x does not have driver. [E:/Capstone/Lightweight-Cipher-For-Hardware-Security-/ECC/ECC.srcs/sources_1/new/ECC-Encryption-System-master/encrypt_x.v:14]
WARNING: [Synth 8-3848] Net mem[224] in module/entity encrypt_x does not have driver. [E:/Capstone/Lightweight-Cipher-For-Hardware-Security-/ECC/ECC.srcs/sources_1/new/ECC-Encryption-System-master/encrypt_x.v:14]
WARNING: [Synth 8-3848] Net mem[227] in module/entity encrypt_x does not have driver. [E:/Capstone/Lightweight-Cipher-For-Hardware-Security-/ECC/ECC.srcs/sources_1/new/ECC-Encryption-System-master/encrypt_x.v:14]
WARNING: [Synth 8-3848] Net mem[231] in module/entity encrypt_x does not have driver. [E:/Capstone/Lightweight-Cipher-For-Hardware-Security-/ECC/ECC.srcs/sources_1/new/ECC-Encryption-System-master/encrypt_x.v:14]
WARNING: [Synth 8-3848] Net mem[232] in module/entity encrypt_x does not have driver. [E:/Capstone/Lightweight-Cipher-For-Hardware-Security-/ECC/ECC.srcs/sources_1/new/ECC-Encryption-System-master/encrypt_x.v:14]
WARNING: [Synth 8-3848] Net mem[235] in module/entity encrypt_x does not have driver. [E:/Capstone/Lightweight-Cipher-For-Hardware-Security-/ECC/ECC.srcs/sources_1/new/ECC-Encryption-System-master/encrypt_x.v:14]
WARNING: [Synth 8-3848] Net mem[238] in module/entity encrypt_x does not have driver. [E:/Capstone/Lightweight-Cipher-For-Hardware-Security-/ECC/ECC.srcs/sources_1/new/ECC-Encryption-System-master/encrypt_x.v:14]
WARNING: [Synth 8-3848] Net mem[239] in module/entity encrypt_x does not have driver. [E:/Capstone/Lightweight-Cipher-For-Hardware-Security-/ECC/ECC.srcs/sources_1/new/ECC-Encryption-System-master/encrypt_x.v:14]
WARNING: [Synth 8-3848] Net mem[243] in module/entity encrypt_x does not have driver. [E:/Capstone/Lightweight-Cipher-For-Hardware-Security-/ECC/ECC.srcs/sources_1/new/ECC-Encryption-System-master/encrypt_x.v:14]
WARNING: [Synth 8-3848] Net mem[247] in module/entity encrypt_x does not have driver. [E:/Capstone/Lightweight-Cipher-For-Hardware-Security-/ECC/ECC.srcs/sources_1/new/ECC-Encryption-System-master/encrypt_x.v:14]
WARNING: [Synth 8-3848] Net mem[250] in module/entity encrypt_x does not have driver. [E:/Capstone/Lightweight-Cipher-For-Hardware-Security-/ECC/ECC.srcs/sources_1/new/ECC-Encryption-System-master/encrypt_x.v:14]
WARNING: [Synth 8-3848] Net mem[254] in module/entity encrypt_x does not have driver. [E:/Capstone/Lightweight-Cipher-For-Hardware-Security-/ECC/ECC.srcs/sources_1/new/ECC-Encryption-System-master/encrypt_x.v:14]
WARNING: [Synth 8-3848] Net mem[255] in module/entity encrypt_x does not have driver. [E:/Capstone/Lightweight-Cipher-For-Hardware-Security-/ECC/ECC.srcs/sources_1/new/ECC-Encryption-System-master/encrypt_x.v:14]
WARNING: [Synth 8-3848] Net mem[0] in module/entity encrypt_y does not have driver. [E:/Capstone/Lightweight-Cipher-For-Hardware-Security-/ECC/ECC.srcs/sources_1/new/ECC-Encryption-System-master/encrypt_y.v:14]
WARNING: [Synth 8-3848] Net mem[1] in module/entity encrypt_y does not have driver. [E:/Capstone/Lightweight-Cipher-For-Hardware-Security-/ECC/ECC.srcs/sources_1/new/ECC-Encryption-System-master/encrypt_y.v:14]
WARNING: [Synth 8-3848] Net mem[2] in module/entity encrypt_y does not have driver. [E:/Capstone/Lightweight-Cipher-For-Hardware-Security-/ECC/ECC.srcs/sources_1/new/ECC-Encryption-System-master/encrypt_y.v:14]
WARNING: [Synth 8-3848] Net mem[5] in module/entity encrypt_y does not have driver. [E:/Capstone/Lightweight-Cipher-For-Hardware-Security-/ECC/ECC.srcs/sources_1/new/ECC-Encryption-System-master/encrypt_y.v:14]
WARNING: [Synth 8-3848] Net mem[8] in module/entity encrypt_y does not have driver. [E:/Capstone/Lightweight-Cipher-For-Hardware-Security-/ECC/ECC.srcs/sources_1/new/ECC-Encryption-System-master/encrypt_y.v:14]
WARNING: [Synth 8-3848] Net mem[9] in module/entity encrypt_y does not have driver. [E:/Capstone/Lightweight-Cipher-For-Hardware-Security-/ECC/ECC.srcs/sources_1/new/ECC-Encryption-System-master/encrypt_y.v:14]
WARNING: [Synth 8-3848] Net mem[13] in module/entity encrypt_y does not have driver. [E:/Capstone/Lightweight-Cipher-For-Hardware-Security-/ECC/ECC.srcs/sources_1/new/ECC-Encryption-System-master/encrypt_y.v:14]
WARNING: [Synth 8-3848] Net mem[17] in module/entity encrypt_y does not have driver. [E:/Capstone/Lightweight-Cipher-For-Hardware-Security-/ECC/ECC.srcs/sources_1/new/ECC-Encryption-System-master/encrypt_y.v:14]
WARNING: [Synth 8-3848] Net mem[20] in module/entity encrypt_y does not have driver. [E:/Capstone/Lightweight-Cipher-For-Hardware-Security-/ECC/ECC.srcs/sources_1/new/ECC-Encryption-System-master/encrypt_y.v:14]
INFO: [Common 17-14] Message 'Synth 8-3848' appears 100 times and further instances of the messages will be disabled. Use the Tcl command set_msg_config to change the current settings.
WARNING: [Synth 8-7129] Port ctrl[2] in module control is either unconnected or has no load
WARNING: [Synth 8-7129] Port ctrl[1] in module control is either unconnected or has no load
WARNING: [Synth 8-7129] Port ctrl[0] in module control is either unconnected or has no load
---------------------------------------------------------------------------------
Finished Synthesize : Time (s): cpu = 00:00:08 ; elapsed = 00:00:11 . Memory (MB): peak = 1284.156 ; gain = 0.000
---------------------------------------------------------------------------------
---------------------------------------------------------------------------------
Finished Constraint Validation : Time (s): cpu = 00:00:09 ; elapsed = 00:00:12 . Memory (MB): peak = 1284.156 ; gain = 0.000
---------------------------------------------------------------------------------
---------------------------------------------------------------------------------
Start Loading Part and Timing Information
---------------------------------------------------------------------------------
Loading part: xc7a35tcpg236-1
INFO: [Device 21-403] Loading part xc7a35tcpg236-1
---------------------------------------------------------------------------------
Finished Loading Part and Timing Information : Time (s): cpu = 00:00:09 ; elapsed = 00:00:12 . Memory (MB): peak = 1284.156 ; gain = 0.000
---------------------------------------------------------------------------------
---------------------------------------------------------------------------------
Finished RTL Optimization Phase 2 : Time (s): cpu = 00:00:14 ; elapsed = 00:00:16 . Memory (MB): peak = 1284.156 ; gain = 0.000
---------------------------------------------------------------------------------
No constraint files found.
---------------------------------------------------------------------------------
Start RTL Component Statistics 
---------------------------------------------------------------------------------
Detailed RTL Component Info : 
+---Adders : 
	   2 Input    8 Bit       Adders := 9     
	   3 Input    8 Bit       Adders := 8     
	   4 Input    8 Bit       Adders := 7     
	   5 Input    8 Bit       Adders := 3     
	   2 Input    6 Bit       Adders := 3     
	   2 Input    5 Bit       Adders := 2     
+---Registers : 
	               32 Bit    Registers := 1     
	                8 Bit    Registers := 918   
	                5 Bit    Registers := 4     
	                1 Bit    Registers := 2     
+---Muxes : 
	   2 Input   32 Bit        Muxes := 3     
	   4 Input   32 Bit        Muxes := 1     
	   2 Input   16 Bit        Muxes := 1     
	  99 Input    8 Bit        Muxes := 2     
	   3 Input    8 Bit        Muxes := 5     
	   2 Input    8 Bit        Muxes := 5     
	   5 Input    8 Bit        Muxes := 1     
	 256 Input    7 Bit        Muxes := 2     
	   2 Input    5 Bit        Muxes := 5     
	   3 Input    5 Bit        Muxes := 1     
	   2 Input    1 Bit        Muxes := 14    
	   4 Input    1 Bit        Muxes := 4     
	   3 Input    1 Bit        Muxes := 2     
---------------------------------------------------------------------------------
Finished RTL Component Statistics 
---------------------------------------------------------------------------------
---------------------------------------------------------------------------------
Start Part Resource Summary
---------------------------------------------------------------------------------
Part Resources:
DSPs: 90 (col length:60)
BRAMs: 100 (col length: RAMB18 60 RAMB36 30)
---------------------------------------------------------------------------------
Finished Part Resource Summary
---------------------------------------------------------------------------------
No constraint files found.
---------------------------------------------------------------------------------
Start Cross Boundary and Area Optimization
---------------------------------------------------------------------------------
WARNING: [Synth 8-7080] Parallel synthesis criteria is not met
WARNING: [Synth 8-7129] Port ctrl[2] in module control is either unconnected or has no load
WARNING: [Synth 8-7129] Port ctrl[1] in module control is either unconnected or has no load
WARNING: [Synth 8-7129] Port ctrl[0] in module control is either unconnected or has no load
---------------------------------------------------------------------------------
Finished Cross Boundary and Area Optimization : Time (s): cpu = 00:00:26 ; elapsed = 00:00:30 . Memory (MB): peak = 1284.156 ; gain = 0.000
---------------------------------------------------------------------------------
No constraint files found.
---------------------------------------------------------------------------------
Start Timing Optimization
---------------------------------------------------------------------------------
---------------------------------------------------------------------------------
Finished Timing Optimization : Time (s): cpu = 00:00:26 ; elapsed = 00:00:30 . Memory (MB): peak = 1284.156 ; gain = 0.000
---------------------------------------------------------------------------------
---------------------------------------------------------------------------------
Start Technology Mapping
---------------------------------------------------------------------------------
---------------------------------------------------------------------------------
Finished Technology Mapping : Time (s): cpu = 00:00:27 ; elapsed = 00:00:31 . Memory (MB): peak = 1284.156 ; gain = 0.000
---------------------------------------------------------------------------------
---------------------------------------------------------------------------------
Start IO Insertion
---------------------------------------------------------------------------------
---------------------------------------------------------------------------------
Start Flattening Before IO Insertion
---------------------------------------------------------------------------------
---------------------------------------------------------------------------------
Finished Flattening Before IO Insertion
---------------------------------------------------------------------------------
---------------------------------------------------------------------------------
Start Final Netlist Cleanup
---------------------------------------------------------------------------------
---------------------------------------------------------------------------------
Finished Final Netlist Cleanup
---------------------------------------------------------------------------------
---------------------------------------------------------------------------------
Finished IO Insertion : Time (s): cpu = 00:00:32 ; elapsed = 00:00:36 . Memory (MB): peak = 1284.156 ; gain = 0.000
---------------------------------------------------------------------------------
---------------------------------------------------------------------------------
Start Renaming Generated Instances
---------------------------------------------------------------------------------
---------------------------------------------------------------------------------
Finished Renaming Generated Instances : Time (s): cpu = 00:00:32 ; elapsed = 00:00:36 . Memory (MB): peak = 1284.156 ; gain = 0.000
---------------------------------------------------------------------------------
---------------------------------------------------------------------------------
Start Rebuilding User Hierarchy
---------------------------------------------------------------------------------
---------------------------------------------------------------------------------
Finished Rebuilding User Hierarchy : Time (s): cpu = 00:00:32 ; elapsed = 00:00:36 . Memory (MB): peak = 1284.156 ; gain = 0.000
---------------------------------------------------------------------------------
---------------------------------------------------------------------------------
Start Renaming Generated Ports
---------------------------------------------------------------------------------
---------------------------------------------------------------------------------
Finished Renaming Generated Ports : Time (s): cpu = 00:00:32 ; elapsed = 00:00:36 . Memory (MB): peak = 1284.156 ; gain = 0.000
---------------------------------------------------------------------------------
---------------------------------------------------------------------------------
Start Handling Custom Attributes
---------------------------------------------------------------------------------
---------------------------------------------------------------------------------
Finished Handling Custom Attributes : Time (s): cpu = 00:00:32 ; elapsed = 00:00:36 . Memory (MB): peak = 1284.156 ; gain = 0.000
---------------------------------------------------------------------------------
---------------------------------------------------------------------------------
Start Renaming Generated Nets
---------------------------------------------------------------------------------
---------------------------------------------------------------------------------
Finished Renaming Generated Nets : Time (s): cpu = 00:00:32 ; elapsed = 00:00:36 . Memory (MB): peak = 1284.156 ; gain = 0.000
---------------------------------------------------------------------------------
---------------------------------------------------------------------------------
Start Writing Synthesis Report
---------------------------------------------------------------------------------

Report BlackBoxes: 
+-+--------------+----------+
| |BlackBox name |Instances |
+-+--------------+----------+
+-+--------------+----------+

Report Cell Usage: 
+------+-------+------+
|      |Cell   |Count |
+------+-------+------+
|1     |BUFG   |     1|
|2     |CARRY4 |    34|
|3     |LUT1   |     6|
|4     |LUT2   |    61|
|5     |LUT3   |    57|
|6     |LUT4   |    46|
|7     |LUT5   |    68|
|8     |LUT6   |   186|
|9     |MUXF7  |    52|
|10    |MUXF8  |    22|
|11    |FDRE   |   383|
|12    |IBUF   |    39|
|13    |OBUF   |     8|
+------+-------+------+

Report Instance Areas: 
+------+----------+--------------+------+
|      |Instance  |Module        |Cells |
+------+----------+--------------+------+
|1     |top       |              |   963|
|2     |  ct1     |control       |   416|
|3     |    e1    |encrypt_x     |    56|
|4     |    e2    |encrypt_y     |    56|
|5     |    e3    |encrypt_x_0   |    56|
|6     |    e4    |encrypt_y_1   |    56|
|7     |    e6    |decrypt       |    19|
|8     |    e7    |decrypt_2     |    18|
|9     |  ct2     |ecc           |   421|
|10    |    e1    |multiplier    |   123|
|11    |      st1 |mul_stage1    |    85|
|12    |      st2 |mul_stage2    |    38|
|13    |    e2    |divider       |   175|
|14    |      st1 |div_stage1    |   135|
|15    |      st2 |div_stage2    |    40|
|16    |    e3    |square        |    42|
|17    |    e4    |combinational |    81|
+------+----------+--------------+------+
---------------------------------------------------------------------------------
Finished Writing Synthesis Report : Time (s): cpu = 00:00:32 ; elapsed = 00:00:36 . Memory (MB): peak = 1284.156 ; gain = 0.000
---------------------------------------------------------------------------------
Synthesis finished with 0 errors, 2 critical warnings and 189 warnings.
Synthesis Optimization Runtime : Time (s): cpu = 00:00:32 ; elapsed = 00:00:36 . Memory (MB): peak = 1284.156 ; gain = 0.000
Synthesis Optimization Complete : Time (s): cpu = 00:00:32 ; elapsed = 00:00:36 . Memory (MB): peak = 1284.156 ; gain = 0.000
INFO: [Project 1-571] Translating synthesized netlist
Netlist sorting complete. Time (s): cpu = 00:00:00 ; elapsed = 00:00:00.017 . Memory (MB): peak = 1284.156 ; gain = 0.000
INFO: [Netlist 29-17] Analyzing 108 Unisim elements for replacement
INFO: [Netlist 29-28] Unisim Transformation completed in 0 CPU seconds
INFO: [Project 1-570] Preparing netlist for logic optimization
INFO: [Opt 31-138] Pushed 0 inverter(s) to 0 load pin(s).
Netlist sorting complete. Time (s): cpu = 00:00:00 ; elapsed = 00:00:00.001 . Memory (MB): peak = 1284.156 ; gain = 0.000
INFO: [Project 1-111] Unisim Transformation Summary:
No Unisim elements were transformed.

Synth Design complete, checksum: 9dad1c0f
INFO: [Common 17-83] Releasing license: Synthesis
46 Infos, 107 Warnings, 2 Critical Warnings and 0 Errors encountered.
synth_design completed successfully
synth_design: Time (s): cpu = 00:00:34 ; elapsed = 00:00:39 . Memory (MB): peak = 1284.156 ; gain = 0.000
INFO: [runtcl-6] Synthesis results are not added to the cache due to CRITICAL_WARNING
INFO: [Common 17-1381] The checkpoint 'E:/Capstone/Lightweight-Cipher-For-Hardware-Security-/ECC/ECC.runs/synth_1/top_ecc.dcp' has been generated.
INFO: [runtcl-4] Executing : report_utilization -file top_ecc_utilization_synth.rpt -pb top_ecc_utilization_synth.pb
INFO: [Common 17-206] Exiting Vivado at Sun Jul 31 17:14:54 2022...
